
Showing logs for build [32mcb-kubecd-environment-pr-189-21-cn8ph-1[0m stage [32mfrom-build-pack[0m and container [32mstep-credential-initializer-pzwzz[0m
{"level":"warn","ts":1585226913.6666641,"logger":"fallback-logger","caller":"logging/config.go:69","msg":"Fetch GitHub commit ID from kodata failed: \"ref: refs/heads/0.8.0-**-support-backwards-incompats\" is not a valid GitHub commit ID"}
{"level":"info","ts":1585226913.6672225,"logger":"fallback-logger","caller":"creds-init/main.go:40","msg":"Credentials initialized."}

Showing logs for build [32mcb-kubecd-environment-pr-189-21-cn8ph-1[0m stage [32mfrom-build-pack[0m and container [32mstep-working-dir-initializer-69l7p[0m
{"level":"warn","ts":1585226914.0525665,"logger":"fallback-logger","caller":"logging/config.go:69","msg":"Fetch GitHub commit ID from kodata failed: open /var/run/ko/HEAD: no such file or directory"}
{"level":"info","ts":1585226914.054016,"logger":"fallback-logger","caller":"bash/main.go:64","msg":"Successfully executed command \"sh -c mkdir -p /workspace/source\"; output "}

Showing logs for build [32mcb-kubecd-environment-pr-189-21-cn8ph-1[0m stage [32mfrom-build-pack[0m and container [32mstep-place-tools[0m

Showing logs for build [32mcb-kubecd-environment-pr-189-21-cn8ph-1[0m stage [32mfrom-build-pack[0m and container [32mstep-git-source-cb-kubecd-environment-pr-189-21-cn8ph-wwxqj[0m
{"level":"warn","ts":1585226941.099284,"logger":"fallback-logger","caller":"logging/config.go:69","msg":"Fetch GitHub commit ID from kodata failed: \"ref: refs/heads/0.8.0-**-support-backwards-incompats\" is not a valid GitHub commit ID"}
{"level":"info","ts":1585226942.5549188,"logger":"fallback-logger","caller":"git/git.go:103","msg":"Successfully cloned https://github.com/cb-kubecd/environment-pr-189-21-boot-gke-staging.git @ master in path /workspace/source"}

Showing logs for build [32mcb-kubecd-environment-pr-189-21-cn8ph-1[0m stage [32mfrom-build-pack[0m and container [32mstep-git-merge[0m
Using SHAs from PULL_REFS=master:a5524d433cbac67e2dc39e33961b845e1ac1d8d2,2:a4080160e0f00575e43d60e4300376a832d70a03
DEBUG: LC_ALL=C JX_LOG_LEVEL=error git fetch origin --unshallow a4080160e0f00575e43d60e4300376a832d70a03: a5524d433cbac67e2dc39e33961b845e1ac1d8d2:
DEBUG: ran git fetch --unshallow origin a4080160e0f00575e43d60e4300376a832d70a03: a5524d433cbac67e2dc39e33961b845e1ac1d8d2: in 
DEBUG: JX_LOG_LEVEL=error LC_ALL=C git branch
DEBUG: LC_ALL=C JX_LOG_LEVEL=error git checkout master
DEBUG: ran git checkout master in 
DEBUG: JX_LOG_LEVEL=error LC_ALL=C git reset --hard a5524d433cbac67e2dc39e33961b845e1ac1d8d2
DEBUG: ran git reset --hard a5524d433cbac67e2dc39e33961b845e1ac1d8d2 in 
DEBUG: LC_ALL=C JX_LOG_LEVEL=error git clean -fd .
DEBUG: ran clean --force -d . in 
DEBUG: LC_ALL=C JX_LOG_LEVEL=error git merge a4080160e0f00575e43d60e4300376a832d70a03
DEBUG: ran git merge a4080160e0f00575e43d60e4300376a832d70a03 in 
DEBUG: LC_ALL=C JX_LOG_LEVEL=error git log --format=%H%x1f%an%x1f%ae%x1f%cn%x1f%ce%x1f%s%n%b%x1e a5524d433cbac67e2dc39e33961b845e1ac1d8d2..HEAD
Merged SHA a4080160e0f00575e43d60e4300376a832d70a03 with commit message 'chore: Promote bdd-sbhg-1585226556 to version 0.0.1' into base branch master

Showing logs for build [32mcb-kubecd-environment-pr-189-21-cn8ph-1[0m stage [32mfrom-build-pack[0m and container [32mstep-build-helm-build[0m
WARNING: No $CHART_REPOSITORY defined so using the default value of: http://jenkins-x-chartmuseum:8080
Adding missing Helm repo: storage.googleapis.com https://storage.googleapis.com/chartmuseum.jenkins-x.io
WARNING: No secrets found on "helm/repos" due: reading the secret "helm/repos" from vault: no secret "helm/repos" not found in vault
Read credentials for https://storage.googleapis.com/chartmuseum.jenkins-x.io from vault helm/repos
Successfully added Helm repository storage.googleapis.com.
Adding missing Helm repo: jenkins-x-chartmuseum http://jenkins-x-chartmuseum:8080
WARNING: No secrets found on "helm/repos" due: reading the secret "helm/repos" from vault: no secret "helm/repos" not found in vault
Read credentials for http://jenkins-x-chartmuseum:8080 from vault helm/repos
Successfully added Helm repository jenkins-x-chartmuseum.
WARNING: No $CHART_REPOSITORY defined so using the default value of: http://jenkins-x-chartmuseum:8080
Adding missing Helm repo: chartmuseum.jenkins-x.io http://chartmuseum.jenkins-x.io
WARNING: No secrets found on "helm/repos" due: reading the secret "helm/repos" from vault: no secret "helm/repos" not found in vault
Read credentials for http://chartmuseum.jenkins-x.io from vault helm/repos
Successfully added Helm repository chartmuseum.jenkins-x.io.
