
Showing logs for build [32mcb-kubecd-environment-pr-189-21-kjgmj-1[0m stage [32mfrom-build-pack[0m and container [32mstep-credential-initializer-h4nbg[0m
{"level":"warn","ts":1585227672.2614102,"logger":"fallback-logger","caller":"logging/config.go:69","msg":"Fetch GitHub commit ID from kodata failed: \"ref: refs/heads/0.8.0-**-support-backwards-incompats\" is not a valid GitHub commit ID"}
{"level":"info","ts":1585227672.2622192,"logger":"fallback-logger","caller":"creds-init/main.go:40","msg":"Credentials initialized."}

Showing logs for build [32mcb-kubecd-environment-pr-189-21-kjgmj-1[0m stage [32mfrom-build-pack[0m and container [32mstep-working-dir-initializer-qpm22[0m
{"level":"warn","ts":1585227672.6607835,"logger":"fallback-logger","caller":"logging/config.go:69","msg":"Fetch GitHub commit ID from kodata failed: open /var/run/ko/HEAD: no such file or directory"}
{"level":"info","ts":1585227672.6623054,"logger":"fallback-logger","caller":"bash/main.go:64","msg":"Successfully executed command \"sh -c mkdir -p /workspace/source\"; output "}

Showing logs for build [32mcb-kubecd-environment-pr-189-21-kjgmj-1[0m stage [32mfrom-build-pack[0m and container [32mstep-place-tools[0m

Showing logs for build [32mcb-kubecd-environment-pr-189-21-kjgmj-1[0m stage [32mfrom-build-pack[0m and container [32mstep-git-source-cb-kubecd-environment-pr-189-21-kjgmj-wfngw[0m
{"level":"warn","ts":1585227677.6983314,"logger":"fallback-logger","caller":"logging/config.go:69","msg":"Fetch GitHub commit ID from kodata failed: \"ref: refs/heads/0.8.0-**-support-backwards-incompats\" is not a valid GitHub commit ID"}
{"level":"info","ts":1585227678.7710183,"logger":"fallback-logger","caller":"git/git.go:103","msg":"Successfully cloned https://github.com/cb-kubecd/environment-pr-189-21-boot-gke-staging.git @ master in path /workspace/source"}

Showing logs for build [32mcb-kubecd-environment-pr-189-21-kjgmj-1[0m stage [32mfrom-build-pack[0m and container [32mstep-git-merge[0m
Using SHAs from PULL_REFS=master:d207b77f9393947795c8b3f4db8fc24ebe5a0ea0,3:17b77fd204420a8cd89b225702788a77ab241f28
DEBUG: LC_ALL=C JX_LOG_LEVEL=error git fetch origin --unshallow 17b77fd204420a8cd89b225702788a77ab241f28: d207b77f9393947795c8b3f4db8fc24ebe5a0ea0:
DEBUG: ran git fetch --unshallow origin 17b77fd204420a8cd89b225702788a77ab241f28: d207b77f9393947795c8b3f4db8fc24ebe5a0ea0: in 
DEBUG: LC_ALL=C JX_LOG_LEVEL=error git branch
DEBUG: LC_ALL=C JX_LOG_LEVEL=error git checkout master
DEBUG: ran git checkout master in 
DEBUG: LC_ALL=C JX_LOG_LEVEL=error git reset --hard d207b77f9393947795c8b3f4db8fc24ebe5a0ea0
DEBUG: ran git reset --hard d207b77f9393947795c8b3f4db8fc24ebe5a0ea0 in 
DEBUG: LC_ALL=C JX_LOG_LEVEL=error git clean -fd .
DEBUG: ran clean --force -d . in 
DEBUG: LC_ALL=C JX_LOG_LEVEL=error git merge 17b77fd204420a8cd89b225702788a77ab241f28
DEBUG: ran git merge 17b77fd204420a8cd89b225702788a77ab241f28 in 
DEBUG: LC_ALL=C JX_LOG_LEVEL=error git log --format=%H%x1f%an%x1f%ae%x1f%cn%x1f%ce%x1f%s%n%b%x1e d207b77f9393947795c8b3f4db8fc24ebe5a0ea0..HEAD
Merged SHA 17b77fd204420a8cd89b225702788a77ab241f28 with commit message 'chore: Promote bdd-nh-1585226556 to version 0.0.1' into base branch master

Showing logs for build [32mcb-kubecd-environment-pr-189-21-kjgmj-1[0m stage [32mfrom-build-pack[0m and container [32mstep-build-helm-build[0m
WARNING: No $CHART_REPOSITORY defined so using the default value of: http://jenkins-x-chartmuseum:8080
Adding missing Helm repo: storage.googleapis.com https://storage.googleapis.com/chartmuseum.jenkins-x.io
WARNING: No secrets found on "helm/repos" due: reading the secret "helm/repos" from vault: no secret "helm/repos" not found in vault
Read credentials for https://storage.googleapis.com/chartmuseum.jenkins-x.io from vault helm/repos
Successfully added Helm repository storage.googleapis.com.
Adding missing Helm repo: jenkins-x-chartmuseum http://jenkins-x-chartmuseum:8080
WARNING: No secrets found on "helm/repos" due: reading the secret "helm/repos" from vault: no secret "helm/repos" not found in vault
Read credentials for http://jenkins-x-chartmuseum:8080 from vault helm/repos
Successfully added Helm repository jenkins-x-chartmuseum.
WARNING: No $CHART_REPOSITORY defined so using the default value of: http://jenkins-x-chartmuseum:8080
Adding missing Helm repo: chartmuseum.jenkins-x.io http://chartmuseum.jenkins-x.io
WARNING: No secrets found on "helm/repos" due: reading the secret "helm/repos" from vault: no secret "helm/repos" not found in vault
Read credentials for http://chartmuseum.jenkins-x.io from vault helm/repos
Successfully added Helm repository chartmuseum.jenkins-x.io.
