
Showing logs for build [32mcb-kubecd-environment-pr-189-21-wmgxw-1[0m stage [32mfrom-build-pack[0m and container [32mstep-credential-initializer-v9c8h[0m
{"level":"warn","ts":1585229971.4135869,"logger":"fallback-logger","caller":"logging/config.go:69","msg":"Fetch GitHub commit ID from kodata failed: \"ref: refs/heads/0.8.0-**-support-backwards-incompats\" is not a valid GitHub commit ID"}
{"level":"info","ts":1585229971.4146771,"logger":"fallback-logger","caller":"creds-init/main.go:40","msg":"Credentials initialized."}

Showing logs for build [32mcb-kubecd-environment-pr-189-21-wmgxw-1[0m stage [32mfrom-build-pack[0m and container [32mstep-working-dir-initializer-rv6ml[0m
{"level":"warn","ts":1585229972.1666975,"logger":"fallback-logger","caller":"logging/config.go:69","msg":"Fetch GitHub commit ID from kodata failed: open /var/run/ko/HEAD: no such file or directory"}
{"level":"info","ts":1585229972.1679864,"logger":"fallback-logger","caller":"bash/main.go:64","msg":"Successfully executed command \"sh -c mkdir -p /workspace/source\"; output "}

Showing logs for build [32mcb-kubecd-environment-pr-189-21-wmgxw-1[0m stage [32mfrom-build-pack[0m and container [32mstep-place-tools[0m

Showing logs for build [32mcb-kubecd-environment-pr-189-21-wmgxw-1[0m stage [32mfrom-build-pack[0m and container [32mstep-git-source-cb-kubecd-environment-pr-189-21-wmgxw-f7gst[0m
{"level":"warn","ts":1585229976.2875967,"logger":"fallback-logger","caller":"logging/config.go:69","msg":"Fetch GitHub commit ID from kodata failed: \"ref: refs/heads/0.8.0-**-support-backwards-incompats\" is not a valid GitHub commit ID"}
{"level":"info","ts":1585229977.3847644,"logger":"fallback-logger","caller":"git/git.go:103","msg":"Successfully cloned https://github.com/cb-kubecd/environment-pr-189-21-boot-gke-staging.git @ master in path /workspace/source"}

Showing logs for build [32mcb-kubecd-environment-pr-189-21-wmgxw-1[0m stage [32mfrom-build-pack[0m and container [32mstep-git-merge[0m
Using SHAs from PULL_REFS=master:8a7de068f28e2d89ea1bd7319f5dc1ae4d367d03,7:afbf87bb5a8484ad8f21b87447c758b6fa592099
DEBUG: LC_ALL=C JX_LOG_LEVEL=error git fetch origin --unshallow afbf87bb5a8484ad8f21b87447c758b6fa592099: 8a7de068f28e2d89ea1bd7319f5dc1ae4d367d03:
DEBUG: ran git fetch --unshallow origin afbf87bb5a8484ad8f21b87447c758b6fa592099: 8a7de068f28e2d89ea1bd7319f5dc1ae4d367d03: in 
DEBUG: LC_ALL=C JX_LOG_LEVEL=error git branch
DEBUG: LC_ALL=C JX_LOG_LEVEL=error git checkout master
DEBUG: ran git checkout master in 
DEBUG: LC_ALL=C JX_LOG_LEVEL=error git reset --hard 8a7de068f28e2d89ea1bd7319f5dc1ae4d367d03
DEBUG: ran git reset --hard 8a7de068f28e2d89ea1bd7319f5dc1ae4d367d03 in 
DEBUG: LC_ALL=C JX_LOG_LEVEL=error git clean -fd .
DEBUG: ran clean --force -d . in 
DEBUG: LC_ALL=C JX_LOG_LEVEL=error git merge afbf87bb5a8484ad8f21b87447c758b6fa592099
DEBUG: ran git merge afbf87bb5a8484ad8f21b87447c758b6fa592099 in 
DEBUG: LC_ALL=C JX_LOG_LEVEL=error git log --format=%H%x1f%an%x1f%ae%x1f%cn%x1f%ce%x1f%s%n%b%x1e 8a7de068f28e2d89ea1bd7319f5dc1ae4d367d03..HEAD
Merged SHA afbf87bb5a8484ad8f21b87447c758b6fa592099 with commit message 'chore: Promote bdd-nh-import-1585228668 to version 0.0.1' into base branch master

Showing logs for build [32mcb-kubecd-environment-pr-189-21-wmgxw-1[0m stage [32mfrom-build-pack[0m and container [32mstep-build-helm-build[0m
WARNING: No $CHART_REPOSITORY defined so using the default value of: http://jenkins-x-chartmuseum:8080
Adding missing Helm repo: storage.googleapis.com https://storage.googleapis.com/chartmuseum.jenkins-x.io
WARNING: No secrets found on "helm/repos" due: reading the secret "helm/repos" from vault: no secret "helm/repos" not found in vault
Read credentials for https://storage.googleapis.com/chartmuseum.jenkins-x.io from vault helm/repos
Successfully added Helm repository storage.googleapis.com.
Adding missing Helm repo: jenkins-x-chartmuseum http://jenkins-x-chartmuseum:8080
WARNING: No secrets found on "helm/repos" due: reading the secret "helm/repos" from vault: no secret "helm/repos" not found in vault
Read credentials for http://jenkins-x-chartmuseum:8080 from vault helm/repos
Successfully added Helm repository jenkins-x-chartmuseum.
WARNING: No $CHART_REPOSITORY defined so using the default value of: http://jenkins-x-chartmuseum:8080
Adding missing Helm repo: chartmuseum.jenkins-x.io http://chartmuseum.jenkins-x.io
WARNING: No secrets found on "helm/repos" due: reading the secret "helm/repos" from vault: no secret "helm/repos" not found in vault
Read credentials for http://chartmuseum.jenkins-x.io from vault helm/repos
Successfully added Helm repository chartmuseum.jenkins-x.io.
